<?xml version="1.0" encoding="UTF-8"?>
<!-- Generated by org.testng.reporters.JUnitReportReporter -->
<testsuite skipped="0" hostname="DESKTOP-M2IH1P5" name="com.tests.SampleTest" tests="2" failures="0" timestamp="15 Sep 2020 07:47:41 GMT" time="0.024" errors="0">
  <testcase name="test02" time="0.002" classname="com.tests.SampleTest"/>
  <testcase name="test01" time="0.022" classname="com.tests.SampleTest"/>
</testsuite> <!-- com.tests.SampleTest -->
