<?xml version="1.0" encoding="UTF-8"?>
<!-- Generated by org.testng.reporters.JUnitReportReporter -->
<testsuite skipped="0" hostname="DESKTOP-M2IH1P5" name="com.tests.LoginTest" tests="1" failures="0" timestamp="15 Sep 2020 07:47:40 GMT" time="42.742" errors="0">
  <testcase name="test01" time="42.742" classname="com.tests.LoginTest"/>
</testsuite> <!-- com.tests.LoginTest -->
