<?xml version="1.0" encoding="UTF-8"?>
<!-- Generated by org.testng.reporters.JUnitReportReporter -->
<testsuite skipped="0" hostname="DESKTOP-M2IH1P5" name="com.tests.SampleTest" tests="2" failures="0" timestamp="16 Sep 2020 08:45:16 GMT" time="0.020" errors="0">
  <testcase name="test01" time="0.020" classname="com.tests.SampleTest"/>
  <testcase name="test02" time="0.000" classname="com.tests.SampleTest"/>
</testsuite> <!-- com.tests.SampleTest -->
