<?xml version="1.0" encoding="UTF-8"?>
<!-- Generated by org.testng.reporters.JUnitReportReporter -->
<testsuite skipped="0" hostname="DESKTOP-M2IH1P5" name="com.tests.LoginTest" tests="1" failures="0" timestamp="16 Sep 2020 08:45:16 GMT" time="94.865" errors="0">
  <testcase name="test01" time="94.865" classname="com.tests.LoginTest"/>
</testsuite> <!-- com.tests.LoginTest -->
